# JRE version: OpenJDK Runtime Environment Temurin-21.0.8+9 (21.0.8+9) (build 21.0.8+9-LTS)
# Java VM: OpenJDK 64-Bit Server VM Temurin-21.0.8+9 (21.0.8+9-LTS, mixed mode, sharing, tiered, compressed oops, compressed class ptrs, parallel gc, windows-amd64)
GC Precious Log:
 CardTable entry size: 512
 CPUs: 12 total, 12 available
 Memory: 16104M
 Large Page Support: Disabled
 NUMA Support: Disabled
 Compressed Oops: Enabled (32-bit)
 Alignments: Space 512K, Generation 512K, Heap 2M
 Heap Min Capacity: 100M
 Heap Initial Capacity: 100M
 Heap Max Capacity: 2G
 Pre-touch: Disabled
 Parallel Workers: 10
Heap:
 PSYoungGen      total 4096K, used 3551K [0x00000000d5580000, 0x00000000d5b00000, 0x0000000100000000)
  eden space 2560K, 99% used [0x00000000d5580000,0x00000000d57ffff0,0x00000000d5800000)
  from space 1536K, 64% used [0x00000000d5980000,0x00000000d5a78000,0x00000000d5b00000)
  to   space 1536K, 70% used [0x00000000d5800000,0x00000000d590fdd0,0x00000000d5980000)
 ParOldGen       total 316416K, used 316212K [0x0000000080000000, 0x0000000093500000, 0x00000000d5580000)
  object space 316416K, 99% used [0x0000000080000000,0x00000000934cd268,0x0000000093500000)
 Metaspace       used 83784K, committed 85568K, reserved 1179648K
  class space    used 10072K, committed 10880K, reserved 1048576K
GC Heap History (20 events):
Event: 105.991 GC heap after
{Heap after GC invocations=377 (full 3):
 PSYoungGen      total 5120K, used 1600K [0x00000000d5580000, 0x00000000d5d00000, 0x0000000100000000)
  eden space 3072K, 0% used [0x00000000d5580000,0x00000000d5580000,0x00000000d5880000)
  from space 2048K, 78% used [0x00000000d5b00000,0x00000000d5c90020,0x00000000d5d00000)
  to   space 2048K, 0% used [0x00000000d5900000,0x00000000d5900000,0x00000000d5b00000)
 ParOldGen       total 306688K, used 306353K [0x0000000080000000, 0x0000000092b80000, 0x00000000d5580000)
  object space 306688K, 99% used [0x0000000080000000,0x0000000092b2c660,0x0000000092b80000)
 Metaspace       used 83208K, committed 84992K, reserved 1179648K
  class space    used 10022K, committed 10816K, reserved 1048576K
}
Event: 106.012 GC heap before
{Heap before GC invocations=378 (full 3):
 PSYoungGen      total 5120K, used 4672K [0x00000000d5580000, 0x00000000d5d00000, 0x0000000100000000)
  eden space 3072K, 100% used [0x00000000d5580000,0x00000000d5880000,0x00000000d5880000)
  from space 2048K, 78% used [0x00000000d5b00000,0x00000000d5c90020,0x00000000d5d00000)
  to   space 2048K, 0% used [0x00000000d5900000,0x00000000d5900000,0x00000000d5b00000)
 ParOldGen       total 306688K, used 306353K [0x0000000080000000, 0x0000000092b80000, 0x00000000d5580000)
  object space 306688K, 99% used [0x0000000080000000,0x0000000092b2c660,0x0000000092b80000)
 Metaspace       used 83222K, committed 84992K, reserved 1179648K
  class space    used 10024K, committed 10816K, reserved 1048576K
}
Event: 106.019 GC heap after
{Heap after GC invocations=378 (full 3):
 PSYoungGen      total 4608K, used 1230K [0x00000000d5580000, 0x00000000d5b80000, 0x0000000100000000)
  eden space 3072K, 0% used [0x00000000d5580000,0x00000000d5580000,0x00000000d5880000)
  from space 1536K, 80% used [0x00000000d5900000,0x00000000d5a33b00,0x00000000d5a80000)
  to   space 1024K, 0% used [0x00000000d5a80000,0x00000000d5a80000,0x00000000d5b80000)
 ParOldGen       total 308224K, used 307785K [0x0000000080000000, 0x0000000092d00000, 0x00000000d5580000)
  object space 308224K, 99% used [0x0000000080000000,0x0000000092c92680,0x0000000092d00000)
 Metaspace       used 83222K, committed 84992K, reserved 1179648K
  class space    used 10024K, committed 10816K, reserved 1048576K
}
Event: 106.035 GC heap before
{Heap before GC invocations=379 (full 3):
 PSYoungGen      total 4608K, used 4302K [0x00000000d5580000, 0x00000000d5b80000, 0x0000000100000000)
  eden space 3072K, 100% used [0x00000000d5580000,0x00000000d5880000,0x00000000d5880000)
  from space 1536K, 80% used [0x00000000d5900000,0x00000000d5a33b00,0x00000000d5a80000)
  to   space 1024K, 0% used [0x00000000d5a80000,0x00000000d5a80000,0x00000000d5b80000)
 ParOldGen       total 308224K, used 307785K [0x0000000080000000, 0x0000000092d00000, 0x00000000d5580000)
  object space 308224K, 99% used [0x0000000080000000,0x0000000092c92680,0x0000000092d00000)
 Metaspace       used 83227K, committed 84992K, reserved 1179648K
  class space    used 10024K, committed 10816K, reserved 1048576K
}
Event: 106.040 GC heap after
{Heap after GC invocations=379 (full 3):
 PSYoungGen      total 3584K, used 1024K [0x00000000d5580000, 0x00000000d5d80000, 0x0000000100000000)
  eden space 2560K, 0% used [0x00000000d5580000,0x00000000d5580000,0x00000000d5800000)
  from space 1024K, 100% used [0x00000000d5a80000,0x00000000d5b80000,0x00000000d5b80000)
  to   space 2560K, 0% used [0x00000000d5800000,0x00000000d5800000,0x00000000d5a80000)
 ParOldGen       total 309248K, used 309066K [0x0000000080000000, 0x0000000092e00000, 0x00000000d5580000)
  object space 309248K, 99% used [0x0000000080000000,0x0000000092dd2a90,0x0000000092e00000)
 Metaspace       used 83227K, committed 84992K, reserved 1179648K
  class space    used 10024K, committed 10816K, reserved 1048576K
}
Event: 106.057 GC heap before
{Heap before GC invocations=380 (full 3):
 PSYoungGen      total 3584K, used 3584K [0x00000000d5580000, 0x00000000d5d80000, 0x0000000100000000)
  eden space 2560K, 100% used [0x00000000d5580000,0x00000000d5800000,0x00000000d5800000)
  from space 1024K, 100% used [0x00000000d5a80000,0x00000000d5b80000,0x00000000d5b80000)
  to   space 2560K, 0% used [0x00000000d5800000,0x00000000d5800000,0x00000000d5a80000)
 ParOldGen       total 309248K, used 309066K [0x0000000080000000, 0x0000000092e00000, 0x00000000d5580000)
  object space 309248K, 99% used [0x0000000080000000,0x0000000092dd2a90,0x0000000092e00000)
 Metaspace       used 83262K, committed 85056K, reserved 1179648K
  class space    used 10026K, committed 10816K, reserved 1048576K
}
Event: 106.061 GC heap after
{Heap after GC invocations=380 (full 3):
 PSYoungGen      total 4096K, used 1056K [0x00000000d5580000, 0x00000000d5b00000, 0x0000000100000000)
  eden space 2560K, 0% used [0x00000000d5580000,0x00000000d5580000,0x00000000d5800000)
  from space 1536K, 68% used [0x00000000d5800000,0x00000000d5908000,0x00000000d5980000)
  to   space 1536K, 0% used [0x00000000d5980000,0x00000000d5980000,0x00000000d5b00000)
 ParOldGen       total 310272K, used 310122K [0x0000000080000000, 0x0000000092f00000, 0x00000000d5580000)
  object space 310272K, 99% used [0x0000000080000000,0x0000000092edaab0,0x0000000092f00000)
 Metaspace       used 83262K, committed 85056K, reserved 1179648K
  class space    used 10026K, committed 10816K, reserved 1048576K
}
Event: 106.074 GC heap before
{Heap before GC invocations=381 (full 3):
 PSYoungGen      total 4096K, used 3615K [0x00000000d5580000, 0x00000000d5b00000, 0x0000000100000000)
  eden space 2560K, 99% used [0x00000000d5580000,0x00000000d57ffff8,0x00000000d5800000)
  from space 1536K, 68% used [0x00000000d5800000,0x00000000d5908000,0x00000000d5980000)
  to   space 1536K, 0% used [0x00000000d5980000,0x00000000d5980000,0x00000000d5b00000)
 ParOldGen       total 310272K, used 310122K [0x0000000080000000, 0x0000000092f00000, 0x00000000d5580000)
  object space 310272K, 99% used [0x0000000080000000,0x0000000092edaab0,0x0000000092f00000)
 Metaspace       used 83272K, committed 85056K, reserved 1179648K
  class space    used 10026K, committed 10816K, reserved 1048576K
}
Event: 106.078 GC heap after
{Heap after GC invocations=381 (full 3):
 PSYoungGen      total 4096K, used 1120K [0x00000000d5580000, 0x00000000d5b00000, 0x0000000100000000)
  eden space 2560K, 0% used [0x00000000d5580000,0x00000000d5580000,0x00000000d5800000)
  from space 1536K, 72% used [0x00000000d5980000,0x00000000d5a98000,0x00000000d5b00000)
  to   space 1536K, 0% used [0x00000000d5800000,0x00000000d5800000,0x00000000d5980000)
 ParOldGen       total 311296K, used 311090K [0x0000000080000000, 0x0000000093000000, 0x00000000d5580000)
  object space 311296K, 99% used [0x0000000080000000,0x0000000092fccab0,0x0000000093000000)
 Metaspace       used 83272K, committed 85056K, reserved 1179648K
  class space    used 10026K, committed 10816K, reserved 1048576K
}
Event: 106.103 GC heap before
{Heap before GC invocations=382 (full 3):
 PSYoungGen      total 4096K, used 3679K [0x00000000d5580000, 0x00000000d5b00000, 0x0000000100000000)
  eden space 2560K, 99% used [0x00000000d5580000,0x00000000d57ffff0,0x00000000d5800000)
  from space 1536K, 72% used [0x00000000d5980000,0x00000000d5a98000,0x00000000d5b00000)
  to   space 1536K, 0% used [0x00000000d5800000,0x00000000d5800000,0x00000000d5980000)
 ParOldGen       total 311296K, used 311090K [0x0000000080000000, 0x0000000093000000, 0x00000000d5580000)
  object space 311296K, 99% used [0x0000000080000000,0x0000000092fccab0,0x0000000093000000)
 Metaspace       used 83412K, committed 85248K, reserved 1179648K
  class space    used 10033K, committed 10880K, reserved 1048576K
}
Event: 106.107 GC heap after
{Heap after GC invocations=382 (full 3):
 PSYoungGen      total 4096K, used 1440K [0x00000000d5580000, 0x00000000d5b00000, 0x0000000100000000)
  eden space 2560K, 0% used [0x00000000d5580000,0x00000000d5580000,0x00000000d5800000)
  from space 1536K, 93% used [0x00000000d5800000,0x00000000d5968000,0x00000000d5980000)
  to   space 1536K, 0% used [0x00000000d5980000,0x00000000d5980000,0x00000000d5b00000)
 ParOldGen       total 312320K, used 312042K [0x0000000080000000, 0x0000000093100000, 0x00000000d5580000)
  object space 312320K, 99% used [0x0000000080000000,0x00000000930baac0,0x0000000093100000)
 Metaspace       used 83412K, committed 85248K, reserved 1179648K
  class space    used 10033K, committed 10880K, reserved 1048576K
}
Event: 106.129 GC heap before
{Heap before GC invocations=383 (full 3):
 PSYoungGen      total 4096K, used 4000K [0x00000000d5580000, 0x00000000d5b00000, 0x0000000100000000)
  eden space 2560K, 100% used [0x00000000d5580000,0x00000000d5800000,0x00000000d5800000)
  from space 1536K, 93% used [0x00000000d5800000,0x00000000d5968000,0x00000000d5980000)
  to   space 1536K, 0% used [0x00000000d5980000,0x00000000d5980000,0x00000000d5b00000)
 ParOldGen       total 312320K, used 312042K [0x0000000080000000, 0x0000000093100000, 0x00000000d5580000)
  object space 312320K, 99% used [0x0000000080000000,0x00000000930baac0,0x0000000093100000)
 Metaspace       used 83591K, committed 85376K, reserved 1179648K
  class space    used 10044K, committed 10880K, reserved 1048576K
}
Event: 106.134 GC heap after
{Heap after GC invocations=383 (full 3):
 PSYoungGen      total 4096K, used 1440K [0x00000000d5580000, 0x00000000d5b00000, 0x0000000100000000)
  eden space 2560K, 0% used [0x00000000d5580000,0x00000000d5580000,0x00000000d5800000)
  from space 1536K, 93% used [0x00000000d5980000,0x00000000d5ae8000,0x00000000d5b00000)
  to   space 1536K, 0% used [0x00000000d5800000,0x00000000d5800000,0x00000000d5980000)
 ParOldGen       total 313344K, used 313330K [0x0000000080000000, 0x0000000093200000, 0x00000000d5580000)
  object space 313344K, 99% used [0x0000000080000000,0x00000000931fcac0,0x0000000093200000)
 Metaspace       used 83591K, committed 85376K, reserved 1179648K
  class space    used 10044K, committed 10880K, reserved 1048576K
}
Event: 106.148 GC heap before
{Heap before GC invocations=384 (full 3):
 PSYoungGen      total 4096K, used 4000K [0x00000000d5580000, 0x00000000d5b00000, 0x0000000100000000)
  eden space 2560K, 100% used [0x00000000d5580000,0x00000000d5800000,0x00000000d5800000)
  from space 1536K, 93% used [0x00000000d5980000,0x00000000d5ae8000,0x00000000d5b00000)
  to   space 1536K, 0% used [0x00000000d5800000,0x00000000d5800000,0x00000000d5980000)
 ParOldGen       total 313344K, used 313330K [0x0000000080000000, 0x0000000093200000, 0x00000000d5580000)
  object space 313344K, 99% used [0x0000000080000000,0x00000000931fcac0,0x0000000093200000)
 Metaspace       used 83668K, committed 85504K, reserved 1179648K
  class space    used 10057K, committed 10880K, reserved 1048576K
}
Event: 106.152 GC heap after
{Heap after GC invocations=384 (full 3):
 PSYoungGen      total 4096K, used 1140K [0x00000000d5580000, 0x00000000d5b00000, 0x0000000100000000)
  eden space 2560K, 0% used [0x00000000d5580000,0x00000000d5580000,0x00000000d5800000)
  from space 1536K, 74% used [0x00000000d5800000,0x00000000d591d200,0x00000000d5980000)
  to   space 1536K, 0% used [0x00000000d5980000,0x00000000d5980000,0x00000000d5b00000)
 ParOldGen       total 314880K, used 314551K [0x0000000080000000, 0x0000000093380000, 0x00000000d5580000)
  object space 314880K, 99% used [0x0000000080000000,0x000000009332dd48,0x0000000093380000)
 Metaspace       used 83668K, committed 85504K, reserved 1179648K
  class space    used 10057K, committed 10880K, reserved 1048576K
}
Event: 106.166 GC heap before
{Heap before GC invocations=385 (full 3):
 PSYoungGen      total 4096K, used 3700K [0x00000000d5580000, 0x00000000d5b00000, 0x0000000100000000)
  eden space 2560K, 100% used [0x00000000d5580000,0x00000000d5800000,0x00000000d5800000)
  from space 1536K, 74% used [0x00000000d5800000,0x00000000d591d200,0x00000000d5980000)
  to   space 1536K, 0% used [0x00000000d5980000,0x00000000d5980000,0x00000000d5b00000)
 ParOldGen       total 314880K, used 314551K [0x0000000080000000, 0x0000000093380000, 0x00000000d5580000)
  object space 314880K, 99% used [0x0000000080000000,0x000000009332dd48,0x0000000093380000)
 Metaspace       used 83711K, committed 85504K, reserved 1179648K
  class space    used 10061K, committed 10880K, reserved 1048576K
}
Event: 106.170 GC heap after
{Heap after GC invocations=385 (full 3):
 PSYoungGen      total 4096K, used 992K [0x00000000d5580000, 0x00000000d5b00000, 0x0000000100000000)
  eden space 2560K, 0% used [0x00000000d5580000,0x00000000d5580000,0x00000000d5800000)
  from space 1536K, 64% used [0x00000000d5980000,0x00000000d5a78000,0x00000000d5b00000)
  to   space 1536K, 0% used [0x00000000d5800000,0x00000000d5800000,0x00000000d5980000)
 ParOldGen       total 315904K, used 315500K [0x0000000080000000, 0x0000000093480000, 0x00000000d5580000)
  object space 315904K, 99% used [0x0000000080000000,0x000000009341b258,0x0000000093480000)
 Metaspace       used 83711K, committed 85504K, reserved 1179648K
  class space    used 10061K, committed 10880K, reserved 1048576K
}
Event: 106.181 GC heap before
{Heap before GC invocations=386 (full 3):
 PSYoungGen      total 4096K, used 3551K [0x00000000d5580000, 0x00000000d5b00000, 0x0000000100000000)
  eden space 2560K, 99% used [0x00000000d5580000,0x00000000d57ffff0,0x00000000d5800000)
  from space 1536K, 64% used [0x00000000d5980000,0x00000000d5a78000,0x00000000d5b00000)
  to   space 1536K, 0% used [0x00000000d5800000,0x00000000d5800000,0x00000000d5980000)
 ParOldGen       total 315904K, used 315500K [0x0000000080000000, 0x0000000093480000, 0x00000000d5580000)
  object space 315904K, 99% used [0x0000000080000000,0x000000009341b258,0x0000000093480000)
 Metaspace       used 83784K, committed 85568K, reserved 1179648K
  class space    used 10072K, committed 10880K, reserved 1048576K
}
Event: 106.184 GC heap after
{Heap after GC invocations=386 (full 3):
 PSYoungGen      total 4096K, used 3551K [0x00000000d5580000, 0x00000000d5b00000, 0x0000000100000000)
  eden space 2560K, 99% used [0x00000000d5580000,0x00000000d57ffff0,0x00000000d5800000)
  from space 1536K, 64% used [0x00000000d5980000,0x00000000d5a78000,0x00000000d5b00000)
  to   space 1536K, 70% used [0x00000000d5800000,0x00000000d590fdd0,0x00000000d5980000)
 ParOldGen       total 316416K, used 316212K [0x0000000080000000, 0x0000000093500000, 0x00000000d5580000)
  object space 316416K, 99% used [0x0000000080000000,0x00000000934cd268,0x0000000093500000)
 Metaspace       used 83784K, committed 85568K, reserved 1179648K
  class space    used 10072K, committed 10880K, reserved 1048576K
}
Event: 106.185 GC heap before
{Heap before GC invocations=387 (full 4):
 PSYoungGen      total 4096K, used 3551K [0x00000000d5580000, 0x00000000d5b00000, 0x0000000100000000)
  eden space 2560K, 99% used [0x00000000d5580000,0x00000000d57ffff0,0x00000000d5800000)
  from space 1536K, 64% used [0x00000000d5980000,0x00000000d5a78000,0x00000000d5b00000)
  to   space 1536K, 70% used [0x00000000d5800000,0x00000000d590fdd0,0x00000000d5980000)
 ParOldGen       total 316416K, used 316212K [0x0000000080000000, 0x0000000093500000, 0x00000000d5580000)
  object space 316416K, 99% used [0x0000000080000000,0x00000000934cd268,0x0000000093500000)
 Metaspace       used 83784K, committed 85568K, reserved 1179648K
  class space    used 10072K, committed 10880K, reserved 1048576K
}

