# JRE version: OpenJDK Runtime Environment Temurin-21.0.8+9 (21.0.8+9) (build 21.0.8+9-LTS)
# Java VM: OpenJDK 64-Bit Server VM Temurin-21.0.8+9 (21.0.8+9-LTS, mixed mode, sharing, tiered, compressed oops, compressed class ptrs, g1 gc, windows-amd64)
GC Precious Log:
 CardTable entry size: 512
 Card Set container configuration: InlinePtr #cards 5 size 8 Array Of Cards #cards 12 size 40 Howl #buckets 4 coarsen threshold 1843 Howl Bitmap #cards 512 size 80 coarsen threshold 460 Card regions per heap region 1 cards per card region 2048
 CPUs: 12 total, 12 available
 Memory: 16104M
 Large Page Support: Disabled
 NUMA Support: Disabled
 Compressed Oops: Enabled (32-bit)
 Heap Region Size: 1M
 Heap Min Capacity: 256M
 Heap Initial Capacity: 256M
 Heap Max Capacity: 512M
 Pre-touch: Disabled
 Parallel Workers: 10
 Concurrent Workers: 3
 Concurrent Refinement Workers: 10
 Periodic GC: Disabled
Heap:
 garbage-first heap   total 262144K, used 132352K [0x00000000e0000000, 0x0000000100000000)
  region size 1024K, 51 young (52224K), 12 survivors (12288K)
 Metaspace       used 122458K, committed 124736K, reserved 458752K
  class space    used 16136K, committed 17216K, reserved 327680K
GC Heap History (20 events):
Event: 7.571 GC heap before
{Heap before GC invocations=3 (full 0):
 garbage-first heap   total 262144K, used 108734K [0x00000000e0000000, 0x0000000100000000)
  region size 1024K, 96 young (98304K), 5 survivors (5120K)
 Metaspace       used 20835K, committed 21504K, reserved 393216K
  class space    used 3043K, committed 3392K, reserved 327680K
}
Event: 7.583 GC heap after
{Heap after GC invocations=4 (full 0):
 garbage-first heap   total 262144K, used 23555K [0x00000000e0000000, 0x0000000100000000)
  region size 1024K, 12 young (12288K), 12 survivors (12288K)
 Metaspace       used 20835K, committed 21504K, reserved 393216K
  class space    used 3043K, committed 3392K, reserved 327680K
}
Event: 10.757 GC heap before
{Heap before GC invocations=5 (full 0):
 garbage-first heap   total 262144K, used 131075K [0x00000000e0000000, 0x0000000100000000)
  region size 1024K, 119 young (121856K), 12 survivors (12288K)
 Metaspace       used 34908K, committed 35968K, reserved 393216K
  class space    used 4980K, committed 5504K, reserved 327680K
}
Event: 10.773 GC heap after
{Heap after GC invocations=6 (full 0):
 garbage-first heap   total 262144K, used 32539K [0x00000000e0000000, 0x0000000100000000)
  region size 1024K, 16 young (16384K), 16 survivors (16384K)
 Metaspace       used 34908K, committed 35968K, reserved 393216K
  class space    used 4980K, committed 5504K, reserved 327680K
}
Event: 13.085 GC heap before
{Heap before GC invocations=7 (full 0):
 garbage-first heap   total 262144K, used 178971K [0x00000000e0000000, 0x0000000100000000)
  region size 1024K, 153 young (156672K), 16 survivors (16384K)
 Metaspace       used 52808K, committed 54080K, reserved 393216K
  class space    used 7603K, committed 8192K, reserved 327680K
}
Event: 13.100 GC heap after
{Heap after GC invocations=8 (full 0):
 garbage-first heap   total 262144K, used 37853K [0x00000000e0000000, 0x0000000100000000)
  region size 1024K, 14 young (14336K), 14 survivors (14336K)
 Metaspace       used 52808K, committed 54080K, reserved 393216K
  class space    used 7603K, committed 8192K, reserved 327680K
}
Event: 14.514 GC heap before
{Heap before GC invocations=8 (full 0):
 garbage-first heap   total 262144K, used 125917K [0x00000000e0000000, 0x0000000100000000)
  region size 1024K, 93 young (95232K), 14 survivors (14336K)
 Metaspace       used 58841K, committed 60096K, reserved 393216K
  class space    used 8312K, committed 8896K, reserved 327680K
}
Event: 14.533 GC heap after
{Heap after GC invocations=9 (full 0):
 garbage-first heap   total 262144K, used 52067K [0x00000000e0000000, 0x0000000100000000)
  region size 1024K, 19 young (19456K), 19 survivors (19456K)
 Metaspace       used 58841K, committed 60096K, reserved 393216K
  class space    used 8312K, committed 8896K, reserved 327680K
}
Event: 14.668 GC heap before
{Heap before GC invocations=9 (full 0):
 garbage-first heap   total 262144K, used 57187K [0x00000000e0000000, 0x0000000100000000)
  region size 1024K, 25 young (25600K), 19 survivors (19456K)
 Metaspace       used 59194K, committed 60416K, reserved 393216K
  class space    used 8358K, committed 8960K, reserved 327680K
}
Event: 14.682 GC heap after
{Heap after GC invocations=10 (full 0):
 garbage-first heap   total 262144K, used 54154K [0x00000000e0000000, 0x0000000100000000)
  region size 1024K, 3 young (3072K), 3 survivors (3072K)
 Metaspace       used 59194K, committed 60416K, reserved 393216K
  class space    used 8358K, committed 8960K, reserved 327680K
}
Event: 17.678 GC heap before
{Heap before GC invocations=11 (full 0):
 garbage-first heap   total 262144K, used 214922K [0x00000000e0000000, 0x0000000100000000)
  region size 1024K, 153 young (156672K), 3 survivors (3072K)
 Metaspace       used 77732K, committed 79424K, reserved 458752K
  class space    used 10574K, committed 11392K, reserved 327680K
}
Event: 17.686 GC heap after
{Heap after GC invocations=12 (full 0):
 garbage-first heap   total 262144K, used 67770K [0x00000000e0000000, 0x0000000100000000)
  region size 1024K, 10 young (10240K), 10 survivors (10240K)
 Metaspace       used 77732K, committed 79424K, reserved 458752K
  class space    used 10574K, committed 11392K, reserved 327680K
}
Event: 20.639 GC heap before
{Heap before GC invocations=12 (full 0):
 garbage-first heap   total 262144K, used 214202K [0x00000000e0000000, 0x0000000100000000)
  region size 1024K, 153 young (156672K), 10 survivors (10240K)
 Metaspace       used 90521K, committed 92224K, reserved 458752K
  class space    used 12037K, committed 12864K, reserved 327680K
}
Event: 20.651 GC heap after
{Heap after GC invocations=13 (full 0):
 garbage-first heap   total 262144K, used 78008K [0x00000000e0000000, 0x0000000100000000)
  region size 1024K, 20 young (20480K), 20 survivors (20480K)
 Metaspace       used 90521K, committed 92224K, reserved 458752K
  class space    used 12037K, committed 12864K, reserved 327680K
}
Event: 21.896 GC heap before
{Heap before GC invocations=13 (full 0):
 garbage-first heap   total 262144K, used 133304K [0x00000000e0000000, 0x0000000100000000)
  region size 1024K, 75 young (76800K), 20 survivors (20480K)
 Metaspace       used 99111K, committed 100800K, reserved 458752K
  class space    used 12801K, committed 13632K, reserved 327680K
}
Event: 21.907 GC heap after
{Heap after GC invocations=14 (full 0):
 garbage-first heap   total 262144K, used 79602K [0x00000000e0000000, 0x0000000100000000)
  region size 1024K, 12 young (12288K), 12 survivors (12288K)
 Metaspace       used 99111K, committed 100800K, reserved 458752K
  class space    used 12801K, committed 13632K, reserved 327680K
}
Event: 23.943 GC heap before
{Heap before GC invocations=15 (full 0):
 garbage-first heap   total 262144K, used 225010K [0x00000000e0000000, 0x0000000100000000)
  region size 1024K, 153 young (156672K), 12 survivors (12288K)
 Metaspace       used 107342K, committed 109504K, reserved 458752K
  class space    used 14091K, committed 15168K, reserved 327680K
}
Event: 23.957 GC heap after
{Heap after GC invocations=16 (full 0):
 garbage-first heap   total 262144K, used 93172K [0x00000000e0000000, 0x0000000100000000)
  region size 1024K, 15 young (15360K), 15 survivors (15360K)
 Metaspace       used 107342K, committed 109504K, reserved 458752K
  class space    used 14091K, committed 15168K, reserved 327680K
}
Event: 28.689 GC heap before
{Heap before GC invocations=16 (full 0):
 garbage-first heap   total 262144K, used 230388K [0x00000000e0000000, 0x0000000100000000)
  region size 1024K, 150 young (153600K), 15 survivors (15360K)
 Metaspace       used 121509K, committed 123776K, reserved 458752K
  class space    used 16045K, committed 17152K, reserved 327680K
}
Event: 28.708 GC heap after
{Heap after GC invocations=17 (full 0):
 garbage-first heap   total 262144K, used 94464K [0x00000000e0000000, 0x0000000100000000)
  region size 1024K, 12 young (12288K), 12 survivors (12288K)
 Metaspace       used 121509K, committed 123776K, reserved 458752K
  class space    used 16045K, committed 17152K, reserved 327680K
}

