# JRE version: OpenJDK Runtime Environment Temurin-21.0.8+9 (21.0.8+9) (build 21.0.8+9-LTS)
# Java VM: OpenJDK 64-Bit Server VM Temurin-21.0.8+9 (21.0.8+9-LTS, mixed mode, sharing, tiered, compressed oops, compressed class ptrs, parallel gc, windows-amd64)
GC Precious Log:
 CardTable entry size: 512
 CPUs: 12 total, 12 available
 Memory: 16104M
 Large Page Support: Disabled
 NUMA Support: Disabled
 Compressed Oops: Enabled (32-bit)
 Alignments: Space 512K, Generation 512K, Heap 2M
 Heap Min Capacity: 100M
 Heap Initial Capacity: 100M
 Heap Max Capacity: 2G
 Pre-touch: Disabled
 Parallel Workers: 10
Heap:
 PSYoungGen      total 13824K, used 2920K [0x00000000d5580000, 0x00000000d6480000, 0x0000000100000000)
  eden space 13312K, 19% used [0x00000000d5580000,0x00000000d580a3a8,0x00000000d6280000)
  from space 512K, 62% used [0x00000000d6380000,0x00000000d63d0000,0x00000000d6400000)
  to   space 512K, 0% used [0x00000000d6400000,0x00000000d6400000,0x00000000d6480000)
 ParOldGen       total 96768K, used 96493K [0x0000000080000000, 0x0000000085e80000, 0x00000000d5580000)
  object space 96768K, 99% used [0x0000000080000000,0x0000000085e3b458,0x0000000085e80000)
 Metaspace       used 84571K, committed 86208K, reserved 1179648K
  class space    used 10260K, committed 10944K, reserved 1048576K
GC Heap History (20 events):
Event: 1055.041 GC heap before
{Heap before GC invocations=131 (full 3):
 PSYoungGen      total 13824K, used 13774K [0x00000000d5580000, 0x00000000d6580000, 0x0000000100000000)
  eden space 13312K, 99% used [0x00000000d5580000,0x00000000d6277028,0x00000000d6280000)
  from space 512K, 97% used [0x00000000d6300000,0x00000000d637c8d0,0x00000000d6380000)
  to   space 1536K, 0% used [0x00000000d6400000,0x00000000d6400000,0x00000000d6580000)
 ParOldGen       total 95744K, used 95442K [0x0000000080000000, 0x0000000085d80000, 0x00000000d5580000)
  object space 95744K, 99% used [0x0000000080000000,0x0000000085d34a48,0x0000000085d80000)
 Metaspace       used 82745K, committed 84352K, reserved 1179648K
  class space    used 10151K, committed 10880K, reserved 1048576K
}
Event: 1055.043 GC heap after
{Heap after GC invocations=131 (full 3):
 PSYoungGen      total 13824K, used 288K [0x00000000d5580000, 0x00000000d6480000, 0x0000000100000000)
  eden space 13312K, 0% used [0x00000000d5580000,0x00000000d5580000,0x00000000d6280000)
  from space 512K, 56% used [0x00000000d6400000,0x00000000d6448000,0x00000000d6480000)
  to   space 1024K, 0% used [0x00000000d6280000,0x00000000d6280000,0x00000000d6380000)
 ParOldGen       total 95744K, used 95546K [0x0000000080000000, 0x0000000085d80000, 0x00000000d5580000)
  object space 95744K, 99% used [0x0000000080000000,0x0000000085d4ea48,0x0000000085d80000)
 Metaspace       used 82745K, committed 84352K, reserved 1179648K
  class space    used 10151K, committed 10880K, reserved 1048576K
}
Event: 1057.350 GC heap before
{Heap before GC invocations=132 (full 3):
 PSYoungGen      total 13824K, used 13600K [0x00000000d5580000, 0x00000000d6480000, 0x0000000100000000)
  eden space 13312K, 100% used [0x00000000d5580000,0x00000000d6280000,0x00000000d6280000)
  from space 512K, 56% used [0x00000000d6400000,0x00000000d6448000,0x00000000d6480000)
  to   space 1024K, 0% used [0x00000000d6280000,0x00000000d6280000,0x00000000d6380000)
 ParOldGen       total 95744K, used 95546K [0x0000000080000000, 0x0000000085d80000, 0x00000000d5580000)
  object space 95744K, 99% used [0x0000000080000000,0x0000000085d4ea48,0x0000000085d80000)
 Metaspace       used 83452K, committed 84992K, reserved 1179648K
  class space    used 10239K, committed 10944K, reserved 1048576K
}
Event: 1057.352 GC heap after
{Heap after GC invocations=132 (full 3):
 PSYoungGen      total 14336K, used 448K [0x00000000d5580000, 0x00000000d6480000, 0x0000000100000000)
  eden space 13312K, 0% used [0x00000000d5580000,0x00000000d5580000,0x00000000d6280000)
  from space 1024K, 43% used [0x00000000d6280000,0x00000000d62f0020,0x00000000d6380000)
  to   space 512K, 0% used [0x00000000d6400000,0x00000000d6400000,0x00000000d6480000)
 ParOldGen       total 95744K, used 95610K [0x0000000080000000, 0x0000000085d80000, 0x00000000d5580000)
  object space 95744K, 99% used [0x0000000080000000,0x0000000085d5ea48,0x0000000085d80000)
 Metaspace       used 83452K, committed 84992K, reserved 1179648K
  class space    used 10239K, committed 10944K, reserved 1048576K
}
Event: 1060.345 GC heap before
{Heap before GC invocations=133 (full 3):
 PSYoungGen      total 14336K, used 13760K [0x00000000d5580000, 0x00000000d6480000, 0x0000000100000000)
  eden space 13312K, 100% used [0x00000000d5580000,0x00000000d6280000,0x00000000d6280000)
  from space 1024K, 43% used [0x00000000d6280000,0x00000000d62f0020,0x00000000d6380000)
  to   space 512K, 0% used [0x00000000d6400000,0x00000000d6400000,0x00000000d6480000)
 ParOldGen       total 95744K, used 95610K [0x0000000080000000, 0x0000000085d80000, 0x00000000d5580000)
  object space 95744K, 99% used [0x0000000080000000,0x0000000085d5ea48,0x0000000085d80000)
 Metaspace       used 83668K, committed 85312K, reserved 1179648K
  class space    used 10250K, committed 10944K, reserved 1048576K
}
Event: 1060.347 GC heap after
{Heap after GC invocations=133 (full 3):
 PSYoungGen      total 13824K, used 288K [0x00000000d5580000, 0x00000000d6480000, 0x0000000100000000)
  eden space 13312K, 0% used [0x00000000d5580000,0x00000000d5580000,0x00000000d6280000)
  from space 512K, 56% used [0x00000000d6400000,0x00000000d6448000,0x00000000d6480000)
  to   space 512K, 0% used [0x00000000d6380000,0x00000000d6380000,0x00000000d6400000)
 ParOldGen       total 96256K, used 95832K [0x0000000080000000, 0x0000000085e00000, 0x00000000d5580000)
  object space 96256K, 99% used [0x0000000080000000,0x0000000085d963f0,0x0000000085e00000)
 Metaspace       used 83668K, committed 85312K, reserved 1179648K
  class space    used 10250K, committed 10944K, reserved 1048576K
}
Event: 1063.527 GC heap before
{Heap before GC invocations=134 (full 3):
 PSYoungGen      total 13824K, used 13600K [0x00000000d5580000, 0x00000000d6480000, 0x0000000100000000)
  eden space 13312K, 100% used [0x00000000d5580000,0x00000000d6280000,0x00000000d6280000)
  from space 512K, 56% used [0x00000000d6400000,0x00000000d6448000,0x00000000d6480000)
  to   space 512K, 0% used [0x00000000d6380000,0x00000000d6380000,0x00000000d6400000)
 ParOldGen       total 96256K, used 95832K [0x0000000080000000, 0x0000000085e00000, 0x00000000d5580000)
  object space 96256K, 99% used [0x0000000080000000,0x0000000085d963f0,0x0000000085e00000)
 Metaspace       used 83826K, committed 85440K, reserved 1179648K
  class space    used 10255K, committed 10944K, reserved 1048576K
}
Event: 1063.528 GC heap after
{Heap after GC invocations=134 (full 3):
 PSYoungGen      total 13824K, used 320K [0x00000000d5580000, 0x00000000d6480000, 0x0000000100000000)
  eden space 13312K, 0% used [0x00000000d5580000,0x00000000d5580000,0x00000000d6280000)
  from space 512K, 62% used [0x00000000d6380000,0x00000000d63d0000,0x00000000d6400000)
  to   space 512K, 0% used [0x00000000d6400000,0x00000000d6400000,0x00000000d6480000)
 ParOldGen       total 96256K, used 95923K [0x0000000080000000, 0x0000000085e00000, 0x00000000d5580000)
  object space 96256K, 99% used [0x0000000080000000,0x0000000085dacfc0,0x0000000085e00000)
 Metaspace       used 83826K, committed 85440K, reserved 1179648K
  class space    used 10255K, committed 10944K, reserved 1048576K
}
Event: 1066.648 GC heap before
{Heap before GC invocations=135 (full 3):
 PSYoungGen      total 13824K, used 13631K [0x00000000d5580000, 0x00000000d6480000, 0x0000000100000000)
  eden space 13312K, 99% used [0x00000000d5580000,0x00000000d627fff8,0x00000000d6280000)
  from space 512K, 62% used [0x00000000d6380000,0x00000000d63d0000,0x00000000d6400000)
  to   space 512K, 0% used [0x00000000d6400000,0x00000000d6400000,0x00000000d6480000)
 ParOldGen       total 96256K, used 95923K [0x0000000080000000, 0x0000000085e00000, 0x00000000d5580000)
  object space 96256K, 99% used [0x0000000080000000,0x0000000085dacfc0,0x0000000085e00000)
 Metaspace       used 83899K, committed 85568K, reserved 1179648K
  class space    used 10255K, committed 10944K, reserved 1048576K
}
Event: 1066.649 GC heap after
{Heap after GC invocations=135 (full 3):
 PSYoungGen      total 13824K, used 256K [0x00000000d5580000, 0x00000000d6480000, 0x0000000100000000)
  eden space 13312K, 0% used [0x00000000d5580000,0x00000000d5580000,0x00000000d6280000)
  from space 512K, 50% used [0x00000000d6400000,0x00000000d6440000,0x00000000d6480000)
  to   space 512K, 0% used [0x00000000d6380000,0x00000000d6380000,0x00000000d6400000)
 ParOldGen       total 96256K, used 96021K [0x0000000080000000, 0x0000000085e00000, 0x00000000d5580000)
  object space 96256K, 99% used [0x0000000080000000,0x0000000085dc5570,0x0000000085e00000)
 Metaspace       used 83899K, committed 85568K, reserved 1179648K
  class space    used 10255K, committed 10944K, reserved 1048576K
}
Event: 1069.916 GC heap before
{Heap before GC invocations=136 (full 3):
 PSYoungGen      total 13824K, used 13568K [0x00000000d5580000, 0x00000000d6480000, 0x0000000100000000)
  eden space 13312K, 100% used [0x00000000d5580000,0x00000000d6280000,0x00000000d6280000)
  from space 512K, 50% used [0x00000000d6400000,0x00000000d6440000,0x00000000d6480000)
  to   space 512K, 0% used [0x00000000d6380000,0x00000000d6380000,0x00000000d6400000)
 ParOldGen       total 96256K, used 96021K [0x0000000080000000, 0x0000000085e00000, 0x00000000d5580000)
  object space 96256K, 99% used [0x0000000080000000,0x0000000085dc5570,0x0000000085e00000)
 Metaspace       used 84010K, committed 85632K, reserved 1179648K
  class space    used 10256K, committed 10944K, reserved 1048576K
}
Event: 1069.917 GC heap after
{Heap after GC invocations=136 (full 3):
 PSYoungGen      total 13824K, used 288K [0x00000000d5580000, 0x00000000d6480000, 0x0000000100000000)
  eden space 13312K, 0% used [0x00000000d5580000,0x00000000d5580000,0x00000000d6280000)
  from space 512K, 56% used [0x00000000d6380000,0x00000000d63c8000,0x00000000d6400000)
  to   space 512K, 0% used [0x00000000d6400000,0x00000000d6400000,0x00000000d6480000)
 ParOldGen       total 96256K, used 96110K [0x0000000080000000, 0x0000000085e00000, 0x00000000d5580000)
  object space 96256K, 99% used [0x0000000080000000,0x0000000085ddbbe0,0x0000000085e00000)
 Metaspace       used 84010K, committed 85632K, reserved 1179648K
  class space    used 10256K, committed 10944K, reserved 1048576K
}
Event: 1074.362 GC heap before
{Heap before GC invocations=137 (full 3):
 PSYoungGen      total 13824K, used 13600K [0x00000000d5580000, 0x00000000d6480000, 0x0000000100000000)
  eden space 13312K, 100% used [0x00000000d5580000,0x00000000d6280000,0x00000000d6280000)
  from space 512K, 56% used [0x00000000d6380000,0x00000000d63c8000,0x00000000d6400000)
  to   space 512K, 0% used [0x00000000d6400000,0x00000000d6400000,0x00000000d6480000)
 ParOldGen       total 96256K, used 96110K [0x0000000080000000, 0x0000000085e00000, 0x00000000d5580000)
  object space 96256K, 99% used [0x0000000080000000,0x0000000085ddbbe0,0x0000000085e00000)
 Metaspace       used 84179K, committed 85824K, reserved 1179648K
  class space    used 10257K, committed 10944K, reserved 1048576K
}
Event: 1074.363 GC heap after
{Heap after GC invocations=137 (full 3):
 PSYoungGen      total 13824K, used 288K [0x00000000d5580000, 0x00000000d6480000, 0x0000000100000000)
  eden space 13312K, 0% used [0x00000000d5580000,0x00000000d5580000,0x00000000d6280000)
  from space 512K, 56% used [0x00000000d6400000,0x00000000d6448000,0x00000000d6480000)
  to   space 512K, 0% used [0x00000000d6380000,0x00000000d6380000,0x00000000d6400000)
 ParOldGen       total 96256K, used 96184K [0x0000000080000000, 0x0000000085e00000, 0x00000000d5580000)
  object space 96256K, 99% used [0x0000000080000000,0x0000000085dee250,0x0000000085e00000)
 Metaspace       used 84179K, committed 85824K, reserved 1179648K
  class space    used 10257K, committed 10944K, reserved 1048576K
}
Event: 1077.524 GC heap before
{Heap before GC invocations=138 (full 3):
 PSYoungGen      total 13824K, used 13600K [0x00000000d5580000, 0x00000000d6480000, 0x0000000100000000)
  eden space 13312K, 100% used [0x00000000d5580000,0x00000000d6280000,0x00000000d6280000)
  from space 512K, 56% used [0x00000000d6400000,0x00000000d6448000,0x00000000d6480000)
  to   space 512K, 0% used [0x00000000d6380000,0x00000000d6380000,0x00000000d6400000)
 ParOldGen       total 96256K, used 96184K [0x0000000080000000, 0x0000000085e00000, 0x00000000d5580000)
  object space 96256K, 99% used [0x0000000080000000,0x0000000085dee250,0x0000000085e00000)
 Metaspace       used 84358K, committed 85952K, reserved 1179648K
  class space    used 10259K, committed 10944K, reserved 1048576K
}
Event: 1077.525 GC heap after
{Heap after GC invocations=138 (full 3):
 PSYoungGen      total 13824K, used 320K [0x00000000d5580000, 0x00000000d6480000, 0x0000000100000000)
  eden space 13312K, 0% used [0x00000000d5580000,0x00000000d5580000,0x00000000d6280000)
  from space 512K, 62% used [0x00000000d6380000,0x00000000d63d0000,0x00000000d6400000)
  to   space 512K, 0% used [0x00000000d6400000,0x00000000d6400000,0x00000000d6480000)
 ParOldGen       total 96768K, used 96290K [0x0000000080000000, 0x0000000085e80000, 0x00000000d5580000)
  object space 96768K, 99% used [0x0000000080000000,0x0000000085e08a78,0x0000000085e80000)
 Metaspace       used 84358K, committed 85952K, reserved 1179648K
  class space    used 10259K, committed 10944K, reserved 1048576K
}
Event: 1079.987 GC heap before
{Heap before GC invocations=139 (full 3):
 PSYoungGen      total 13824K, used 13631K [0x00000000d5580000, 0x00000000d6480000, 0x0000000100000000)
  eden space 13312K, 99% used [0x00000000d5580000,0x00000000d627fd38,0x00000000d6280000)
  from space 512K, 62% used [0x00000000d6380000,0x00000000d63d0000,0x00000000d6400000)
  to   space 512K, 0% used [0x00000000d6400000,0x00000000d6400000,0x00000000d6480000)
 ParOldGen       total 96768K, used 96290K [0x0000000080000000, 0x0000000085e80000, 0x00000000d5580000)
  object space 96768K, 99% used [0x0000000080000000,0x0000000085e08a78,0x0000000085e80000)
 Metaspace       used 84460K, committed 86080K, reserved 1179648K
  class space    used 10259K, committed 10944K, reserved 1048576K
}
Event: 1079.988 GC heap after
{Heap after GC invocations=139 (full 3):
 PSYoungGen      total 13824K, used 288K [0x00000000d5580000, 0x00000000d6480000, 0x0000000100000000)
  eden space 13312K, 0% used [0x00000000d5580000,0x00000000d5580000,0x00000000d6280000)
  from space 512K, 56% used [0x00000000d6400000,0x00000000d6448000,0x00000000d6480000)
  to   space 512K, 0% used [0x00000000d6380000,0x00000000d6380000,0x00000000d6400000)
 ParOldGen       total 96768K, used 96395K [0x0000000080000000, 0x0000000085e80000, 0x00000000d5580000)
  object space 96768K, 99% used [0x0000000080000000,0x0000000085e22f68,0x0000000085e80000)
 Metaspace       used 84460K, committed 86080K, reserved 1179648K
  class space    used 10259K, committed 10944K, reserved 1048576K
}
Event: 1080.936 GC heap before
{Heap before GC invocations=140 (full 3):
 PSYoungGen      total 13824K, used 13600K [0x00000000d5580000, 0x00000000d6480000, 0x0000000100000000)
  eden space 13312K, 100% used [0x00000000d5580000,0x00000000d6280000,0x00000000d6280000)
  from space 512K, 56% used [0x00000000d6400000,0x00000000d6448000,0x00000000d6480000)
  to   space 512K, 0% used [0x00000000d6380000,0x00000000d6380000,0x00000000d6400000)
 ParOldGen       total 96768K, used 96395K [0x0000000080000000, 0x0000000085e80000, 0x00000000d5580000)
  object space 96768K, 99% used [0x0000000080000000,0x0000000085e22f68,0x0000000085e80000)
 Metaspace       used 84559K, committed 86144K, reserved 1179648K
  class space    used 10260K, committed 10944K, reserved 1048576K
}
Event: 1080.938 GC heap after
{Heap after GC invocations=140 (full 3):
 PSYoungGen      total 13824K, used 320K [0x00000000d5580000, 0x00000000d6480000, 0x0000000100000000)
  eden space 13312K, 0% used [0x00000000d5580000,0x00000000d5580000,0x00000000d6280000)
  from space 512K, 62% used [0x00000000d6380000,0x00000000d63d0000,0x00000000d6400000)
  to   space 512K, 0% used [0x00000000d6400000,0x00000000d6400000,0x00000000d6480000)
 ParOldGen       total 96768K, used 96493K [0x0000000080000000, 0x0000000085e80000, 0x00000000d5580000)
  object space 96768K, 99% used [0x0000000080000000,0x0000000085e3b458,0x0000000085e80000)
 Metaspace       used 84559K, committed 86144K, reserved 1179648K
  class space    used 10260K, committed 10944K, reserved 1048576K
}

